#
# There is insufficient memory for the Java Runtime Environment to continue.
# Native memory allocation (malloc) failed to allocate 1048576 bytes for AllocateHeap
# Possible reasons:
#   The system is out of physical RAM or swap space
#   In 32 bit mode, the process size limit was hit
# Possible solutions:
#   Reduce memory load on the system
#   Increase physical memory or swap space
#   Check if swap backing store is full
#   Use 64 bit Java on a 64 bit OS
#   Decrease Java heap size (-Xmx/-Xms)
#   Decrease number of Java threads
#   Decrease Java thread stack sizes (-Xss)
#   Set larger code cache with -XX:ReservedCodeCacheSize=
# This output file may be truncated or incomplete.
#
#  Out of Memory Error (memory/allocation.inline.hpp:61), pid=18388, tid=0x00000000000017c0
#
# JRE version:  (8.0_111-b14) (build )
# Java VM: Java HotSpot(TM) 64-Bit Server VM (25.111-b14 mixed mode windows-amd64 compressed oops)
# Failed to write core dump. Minidumps are not enabled by default on client versions of Windows
#

---------------  T H R E A D  ---------------

Current thread (0x000000000252e000):  JavaThread "Unknown thread" [_thread_in_vm, id=6080, stack(0x00000000021a0000,0x00000000022a0000)]

Stack: [0x00000000021a0000,0x00000000022a0000]
[error occurred during error reporting (printing stack bounds), id 0xc0000005]

Native frames: (J=compiled Java code, j=interpreted, Vv=VM code, C=native code)


---------------  P R O C E S S  ---------------

Java Threads: ( => current thread )

Other Threads:

=>0x000000000252e000 (exited) JavaThread "Unknown thread" [_thread_in_vm, id=6080, stack(0x00000000021a0000,0x00000000022a0000)]

VM state:not at safepoint (normal execution)

VM Mutex/Monitor currently owned by a thread: None

Heap:
 PSYoungGen      total 37888K, used 655K [0x00000000d6180000, 0x00000000d8b80000, 0x0000000100000000)
  eden space 32768K, 2% used [0x00000000d6180000,0x00000000d6223d80,0x00000000d8180000)
  from space 5120K, 0% used [0x00000000d8680000,0x00000000d8680000,0x00000000d8b80000)
  to   space 5120K, 0% used [0x00000000d8180000,0x00000000d8180000,0x00000000d8680000)
 ParOldGen       total 86016K, used 0K [0x0000000082400000, 0x0000000087800000, 0x00000000d6180000)
  object space 86016K, 0% used [0x0000000082400000,0x0000000082400000,0x0000000087800000)
 Metaspace       used 770K, capacity 4480K, committed 4480K, reserved 1056768K
  class space    used 75K, capacity 384K, committed 384K, reserved 1048576K

Card table byte_map: [0x00000000118f0000,0x0000000011ce0000] byte_map_base: 0x00000000114de000

Marking Bits: (ParMarkBitMap*) 0x00000000684fa6c0
 Begin Bits: [0x0000000012380000, 0x00000000142f0000)
 End Bits:   [0x00000000142f0000, 0x0000000016260000)

Polling page: 0x0000000000960000

CodeCache: size=245760Kb used=328Kb max_used=328Kb free=245431Kb
 bounds [0x0000000002530000, 0x00000000027a0000, 0x0000000011530000]
 total_blobs=58 nmethods=0 adapters=38
 compilation: enabled

Compilation events (0 events):
No events

GC Heap History (0 events):
No events

Deoptimization events (0 events):
No events

Internal exceptions (0 events):
No events

Events (10 events):
Event: 0.073 loading class java/lang/Short
Event: 0.073 loading class java/lang/Short done
Event: 0.073 loading class java/lang/Integer
Event: 0.074 loading class java/lang/Integer done
Event: 0.074 loading class java/lang/Long
Event: 0.074 loading class java/lang/Long done
Event: 0.075 loading class java/lang/NullPointerException
Event: 0.075 loading class java/lang/NullPointerException done
Event: 0.075 loading class java/lang/ArithmeticException
Event: 0.075 loading class java/lang/ArithmeticException done


Dynamic libraries:
0x00007ff6c5b00000 - 0x00007ff6c5b37000 	C:\Program Files\Java\jdk1.8.0_111\bin\java.exe
0x00007ffe75120000 - 0x00007ffe75310000 	C:\WINDOWS\SYSTEM32\ntdll.dll
0x00007ffe46f30000 - 0x00007ffe46f49000 	C:\Program Files\AVAST Software\Avast\aswhook.dll
0x00007ffe73650000 - 0x00007ffe73702000 	C:\WINDOWS\System32\KERNEL32.DLL
0x00007ffe72c90000 - 0x00007ffe72f35000 	C:\WINDOWS\System32\KERNELBASE.dll
0x00007ffe74be0000 - 0x00007ffe74c83000 	C:\WINDOWS\System32\ADVAPI32.dll
0x00007ffe74e50000 - 0x00007ffe74eee000 	C:\WINDOWS\System32\msvcrt.dll
0x00007ffe74870000 - 0x00007ffe74907000 	C:\WINDOWS\System32\sechost.dll
0x00007ffe74fc0000 - 0x00007ffe750df000 	C:\WINDOWS\System32\RPCRT4.dll
0x00007ffe746c0000 - 0x00007ffe74854000 	C:\WINDOWS\System32\USER32.dll
0x00007ffe72190000 - 0x00007ffe721b1000 	C:\WINDOWS\System32\win32u.dll
0x00007ffe73ed0000 - 0x00007ffe73ef6000 	C:\WINDOWS\System32\GDI32.dll
0x00007ffe72f40000 - 0x00007ffe730d8000 	C:\WINDOWS\System32\gdi32full.dll
0x00007ffe730e0000 - 0x00007ffe7317e000 	C:\WINDOWS\System32\msvcp_win.dll
0x00007ffe72090000 - 0x00007ffe7218a000 	C:\WINDOWS\System32\ucrtbase.dll
0x00007ffe60550000 - 0x00007ffe607d4000 	C:\WINDOWS\WinSxS\amd64_microsoft.windows.common-controls_6595b64144ccf1df_6.0.18362.1556_none_9e7e372fe45e41d5\COMCTL32.dll
0x00007ffe73f80000 - 0x00007ffe742b6000 	C:\WINDOWS\System32\combase.dll
0x00007ffe721e0000 - 0x00007ffe72261000 	C:\WINDOWS\System32\bcryptPrimitives.dll
0x00007ffe749a0000 - 0x00007ffe749ce000 	C:\WINDOWS\System32\IMM32.DLL
0x0000000067c00000 - 0x0000000067cd2000 	C:\Program Files\Java\jdk1.8.0_111\jre\bin\msvcr100.dll
0x0000000067ce0000 - 0x000000006857a000 	C:\Program Files\Java\jdk1.8.0_111\jre\bin\server\jvm.dll
0x00007ffe731d0000 - 0x00007ffe731d8000 	C:\WINDOWS\System32\PSAPI.DLL
0x00007ffe6ac10000 - 0x00007ffe6ac1a000 	C:\WINDOWS\SYSTEM32\VERSION.dll
0x00007ffe5c880000 - 0x00007ffe5c889000 	C:\WINDOWS\SYSTEM32\WSOCK32.dll
0x00007ffe6d110000 - 0x00007ffe6d134000 	C:\WINDOWS\SYSTEM32\WINMM.dll
0x00007ffe74ef0000 - 0x00007ffe74f5f000 	C:\WINDOWS\System32\WS2_32.dll
0x00007ffe6d0e0000 - 0x00007ffe6d10d000 	C:\WINDOWS\SYSTEM32\winmmbase.dll
0x00007ffe73180000 - 0x00007ffe731ca000 	C:\WINDOWS\System32\cfgmgr32.dll
0x0000000067bb0000 - 0x0000000067bbf000 	C:\Program Files\Java\jdk1.8.0_111\jre\bin\verify.dll
0x0000000067b80000 - 0x0000000067ba9000 	C:\Program Files\Java\jdk1.8.0_111\jre\bin\java.dll
0x0000000067b60000 - 0x0000000067b76000 	C:\Program Files\Java\jdk1.8.0_111\jre\bin\zip.dll

VM Arguments:
jvm_args: -Dfile.encoding=UTF-8 
java_command: ejex2_cooperativo_alquiler.EjEx2_Cooperativo_Alquiler
java_class_path (initial): C:\Users\Usuario\Desktop\__QA Automation\Sessiones\Guia7\Introduccion Java\EjEx2_Cooperativo_Alquiler\build\classes
Launcher Type: SUN_STANDARD

Environment Variables:
JAVA_HOME=C:\Program Files\Java\jdk1.8.0_111
PATH=C:\Program Files (x86)\Common Files\Oracle\Java\javapath;C:\Program Files (x86)\Intel\iCLS Client\;C:\Program Files\Intel\iCLS Client\;C:\WINDOWS\system32;C:\WINDOWS;C:\WINDOWS\System32\Wbem;C:\WINDOWS\System32\WindowsPowerShell\v1.0\;C:\Program Files (x86)\Intel\Intel(R) Management Engine Components\DAL;C:\Program Files\Intel\Intel(R) Management Engine Components\DAL;C:\Program Files (x86)\Intel\Intel(R) Management Engine Components\IPT;C:\Program Files\Intel\Intel(R) Management Engine Components\IPT;C:\Program Files (x86)\QuickTime\QTSystem\;C:\Program Files (x86)\Skype\Phone\;C:\Program Files\Java\jdk1.8.0_144\bin;C:\Program Files\Common Files\Autodesk Shared\;C:\Program Files\IBM\SPSS\Statistics\Subscription\JRE\bin;C:\WINDOWS\System32\OpenSSH\;C:\Program Files\Microsoft SQL Server\120\Tools\Binn\;C:\Program Files\Intel\WiFi\bin\;C:\Program Files\Common Files\Intel\WirelessCommon\;C:\Program Files (x86)\PuTTY\;C:\Program Files\Java\jdk-18\bin;C:\Program Files\Git\cmd;C:\Program Files\Git\mingw64\bin;C:\Program Files\Git\usr\bin;C:\Program Files\Java\jdk1.8.0_111\bin;C:\Users\Usuario\AppData\Local\Programs\Python\Python38-32\Scripts\;C:\Users\Usuario\AppData\Local\Programs\Python\Python38-32\;C:\Users\Usuario\AppData\Local\Programs\Python\Python37\Scripts\;C:\Users\Usuario\AppData\Local\Programs\Python\Python37\;C:\Users\Usuario\AppData\Local\Microsoft\WindowsApps;C:\Users\Usuario\AppData\Local\atom\bin;C:\Users\Usuario\AppData\Local\Programs\Microsoft VS Code\bin;C:\Users\Usuario\AppData\Local\Microsoft\WindowsApps;
USERNAME=Daniel
OS=Windows_NT
PROCESSOR_IDENTIFIER=Intel64 Family 6 Model 142 Stepping 9, GenuineIntel



---------------  S Y S T E M  ---------------

OS: Windows 10.0 , 64 bit Build 18362 (10.0.18362.1500)

CPU:total 4 (2 cores per cpu, 2 threads per core) family 6 model 142 stepping 9, cmov, cx8, fxsr, mmx, sse, sse2, sse3, ssse3, sse4.1, sse4.2, popcnt, avx, avx2, aes, clmul, erms, 3dnowpref, lzcnt, ht, tsc, tscinvbit, bmi1, bmi2, adx

Memory: 4k page, physical 8237504k(968140k free), swap 20525504k(4212k free)

vm_info: Java HotSpot(TM) 64-Bit Server VM (25.111-b14) for windows-amd64 JRE (1.8.0_111-b14), built on Sep 22 2016 19:24:05 by "java_re" with MS VC++ 10.0 (VS2010)

time: Mon Jul 03 19:27:33 2023
elapsed time: 0 seconds (0d 0h 0m 0s)

